Basic authentication requested by server 217.44.94.223
===== 25/06/2011 21:40:45: Job 'ticketing': SYNC started by User on computer 'NETBOOK' =====
ticketing: E:\ticketing <-> gstp://easynote.mrdizzy.goodsync/file:///D:/ticketing, SavePrevVers=30d, TmpDest, EstReq, CopyLocked, FileLinksDrill, CaseSens, Reconnect=3, ChangeLimit=10
Locking folder E:\ticketing for write
Locking folder gstp://easynote.mrdizzy.goodsync/file:///D:/ticketing for write
Copy New 'E:\ticketing\app\controllers\guest_lists_controller.rb' -> 'gstp://easynote.mrdizzy.goodsync/file:///D:/ticketing/app/controllers/guest_lists_controller.rb'
Copy Over 'E:\ticketing\app\controllers\guests_controller.rb' -> 'gstp://easynote.mrdizzy.goodsync/file:///D:/ticketing/app/controllers/guests_controller.rb'
Copy Over 'E:\ticketing\app\controllers\items_controller.rb' -> 'gstp://easynote.mrdizzy.goodsync/file:///D:/ticketing/app/controllers/items_controller.rb'
Copy New 'E:\ticketing\app\helpers\item_guest_lists_helper.rb' -> 'gstp://easynote.mrdizzy.goodsync/file:///D:/ticketing/app/helpers/item_guest_lists_helper.rb'
Copy Over 'E:\ticketing\app\models\customer.rb' -> 'gstp://easynote.mrdizzy.goodsync/file:///D:/ticketing/app/models/customer.rb'
Copy Over 'E:\ticketing\app\models\item.rb' -> 'gstp://easynote.mrdizzy.goodsync/file:///D:/ticketing/app/models/item.rb'
Copy New 'E:\ticketing\app\models\item_guest_list.rb' -> 'gstp://easynote.mrdizzy.goodsync/file:///D:/ticketing/app/models/item_guest_list.rb'
Create Folder 'gstp://easynote.mrdizzy.goodsync/file:///D:/ticketing/app/views/guest_lists'
Copy New 'E:\ticketing\app\views\guest_lists\index.html.erb' -> 'gstp://easynote.mrdizzy.goodsync/file:///D:/ticketing/app/views/guest_lists/index.html.erb'
Copy Over 'E:\ticketing\app\views\orders\index.html.erb' -> 'gstp://easynote.mrdizzy.goodsync/file:///D:/ticketing/app/views/orders/index.html.erb'
Copy Over 'E:\ticketing\config\routes.rb' -> 'gstp://easynote.mrdizzy.goodsync/file:///D:/ticketing/config/routes.rb'
Copy Over 'E:\ticketing\db\development.sqlite3' -> 'gstp://easynote.mrdizzy.goodsync/file:///D:/ticketing/db/development.sqlite3'
/log/development.log: unresolved conflict results in No Copy
Copy New 'E:\ticketing\test\fixtures\item_guest_lists.yml' -> 'gstp://easynote.mrdizzy.goodsync/file:///D:/ticketing/test/fixtures/item_guest_lists.yml'
Copy New 'E:\ticketing\test\functional\item_guest_lists_controller_test.rb' -> 'gstp://easynote.mrdizzy.goodsync/file:///D:/ticketing/test/functional/item_guest_lists_controller_test.rb'
Copy New 'E:\ticketing\test\unit\helpers\item_guest_lists_helper_test.rb' -> 'gstp://easynote.mrdizzy.goodsync/file:///D:/ticketing/test/unit/helpers/item_guest_lists_helper_test.rb'
Copy New 'E:\ticketing\test\unit\item_guest_list_test.rb' -> 'gstp://easynote.mrdizzy.goodsync/file:///D:/ticketing/test/unit/item_guest_list_test.rb'
Save State File E:\ticketing\_gsdata_\_file_state._gs
Save State File gstp://easynote.mrdizzy.goodsync/file:///D:/ticketing/_gsdata_/_file_state._gs
Delete lock file E:\ticketing\_gsdata_\lock.gsl
Sync had errors, delete stamp file E:\ticketing\_gsdata_\_insync.gsl
Delete lock file gstp://easynote.mrdizzy.goodsync/file:///D:/ticketing/_gsdata_/lock.gsl
Sync had errors, delete stamp file gstp://easynote.mrdizzy.goodsync/file:///D:/ticketing/_gsdata_/_insync.gsl
Sync finished with 1 unresolved conflicts. Click Conflicts button to see unresolved conflicts
Items Synced OK: 16, Errors: 0
===== 25/06/2011 21:40:55: Sync Completed. Time: 00:00:12, Speed: 24.0 KB/s =====

