Basic authentication requested by server 217.42.40.78
----- 26/06/2011 11:58:11: Job 'ticketing': ANALYSIS started by Analyze And Sync All on computer 'NETBOOK' (GoodSync Beta 8.7.2.5 on XP Home) -----
ticketing: E:\ticketing <-> gstp://easynote.mrdizzy.goodsync/file:///D:/ticketing, SavePrevVers=30d, TmpDest, EstReq, CopyLocked, FileLinksDrill, CaseSens, Reconnect=3, ChangeLimit=10
Exclude Hidden, Exclude System, Exclude name *.log|licens*.rfo|cache.rfo|mru.rfo|mpp*.rfo|RoboForm Online Account.rfp|/System Volume Information|Thumbs.db|.DS_Store 
Left: Reading State File E:\ticketing\_gsdata_\_file_state._gs
Locking folder E:\ticketing for write
Left: Files: 246 (excluded 4). Folders: 53 (excluded 1). E: NTFS, Free: 9.02 GB, Total: 19.5 GB
Right: Reading State File gstp://easynote.mrdizzy.goodsync/file:///D:/ticketing/_gsdata_/_file_state._gs
Locking folder gstp://easynote.mrdizzy.goodsync/file:///D:/ticketing for write
Right: Files: 246 (excluded 4). Folders: 53 (excluded 1). EASYNOTE , Free: 68.7 GB, Total: 82.4 GB
On disk gstp://easynote.mrdizzy.goodsync/file:// space required for sync is 4.00 KB, you have 68.7 GB
Changes: 1, Conflicts: 0, CopyTime: 0, CopyState: 0, Errors: 0
Left to Right: Copy File: 1 
----- 26/06/2011 11:58:19: Analysis Completed. Time 00:00:09, Speed: 33 files/s -----
Basic authentication requested by server 217.42.40.78
===== 26/06/2011 11:58:21: Job 'ticketing': SYNC started by Analyze And Sync All on computer 'NETBOOK' =====
ticketing: E:\ticketing <-> gstp://easynote.mrdizzy.goodsync/file:///D:/ticketing, SavePrevVers=30d, TmpDest, EstReq, CopyLocked, FileLinksDrill, CaseSens, Reconnect=3, ChangeLimit=10
Fraction of files changed is low enough to perform Auto Sync: 0% (1 / 304) < 10%
Copy Over 'E:\ticketing\app\views\guest_lists\index.html.erb' -> 'gstp://easynote.mrdizzy.goodsync/file:///D:/ticketing/app/views/guest_lists/index.html.erb'
Save State File E:\ticketing\_gsdata_\_file_state._gs
Save State File gstp://easynote.mrdizzy.goodsync/file:///D:/ticketing/_gsdata_/_file_state._gs
Delete lock file E:\ticketing\_gsdata_\lock.gsl
Server side changed, upload stamp file gstp://easynote.mrdizzy.goodsync/file:///D:/ticketing/_gsdata_/_insync.gsl
Items Synced OK: 1, Errors: 0
===== 26/06/2011 11:58:27: Sync Completed. Time: 00:00:08, Speed: 0 bytes/s =====

