===== 18/06/2011 13:15:42: Job 'ticketing': SYNC started by User on computer 'EASYNOTE' =====
ticketing: D:\ticketing <-> G:\Data (E)\ticketing, SavePrevVers=30d, TmpDest, EstReq, CopyLocked, FileLinksDrill, CaseSens, Reconnect=3, ChangeLimit=10
Locking folder D:\ticketing for write
Locking folder G:\Data (E)\ticketing for write
Create Folder 'D:\ticketing\app'
Create Folder 'D:\ticketing\app\controllers'
Copy New 'G:\Data (E)\ticketing\app\controllers\application_controller.rb' -> 'D:\ticketing\app\controllers\application_controller.rb'
Copy New 'G:\Data (E)\ticketing\app\controllers\attachments_controller.rb' -> 'D:\ticketing\app\controllers\attachments_controller.rb'
Copy New 'G:\Data (E)\ticketing\app\controllers\conversations_controller.rb' -> 'D:\ticketing\app\controllers\conversations_controller.rb'
Copy New 'G:\Data (E)\ticketing\app\controllers\customer_emails_controller.rb' -> 'D:\ticketing\app\controllers\customer_emails_controller.rb'
Copy New 'G:\Data (E)\ticketing\app\controllers\customers_controller.rb' -> 'D:\ticketing\app\controllers\customers_controller.rb'
Copy New 'G:\Data (E)\ticketing\app\controllers\guests_controller.rb' -> 'D:\ticketing\app\controllers\guests_controller.rb'
Copy New 'G:\Data (E)\ticketing\app\controllers\items_controller.rb' -> 'D:\ticketing\app\controllers\items_controller.rb'
Copy New 'G:\Data (E)\ticketing\app\controllers\messages_controller.rb' -> 'D:\ticketing\app\controllers\messages_controller.rb'
Copy New 'G:\Data (E)\ticketing\app\controllers\monograms_controller.rb' -> 'D:\ticketing\app\controllers\monograms_controller.rb'
Copy New 'G:\Data (E)\ticketing\app\controllers\orders_controller.rb' -> 'D:\ticketing\app\controllers\orders_controller.rb'
Copy New 'G:\Data (E)\ticketing\app\controllers\product_formats_controller.rb' -> 'D:\ticketing\app\controllers\product_formats_controller.rb'
Copy New 'G:\Data (E)\ticketing\app\controllers\product_types_controller.rb' -> 'D:\ticketing\app\controllers\product_types_controller.rb'
Copy New 'G:\Data (E)\ticketing\app\controllers\products_controller.rb' -> 'D:\ticketing\app\controllers\products_controller.rb'
Copy New 'G:\Data (E)\ticketing\app\controllers\themes_controller.rb' -> 'D:\ticketing\app\controllers\themes_controller.rb'
Create Folder 'D:\ticketing\app\helpers'
Copy New 'G:\Data (E)\ticketing\app\helpers\application_helper.rb' -> 'D:\ticketing\app\helpers\application_helper.rb'
Copy New 'G:\Data (E)\ticketing\app\helpers\attachments_helper.rb' -> 'D:\ticketing\app\helpers\attachments_helper.rb'
Copy New 'G:\Data (E)\ticketing\app\helpers\conversations_helper.rb' -> 'D:\ticketing\app\helpers\conversations_helper.rb'
Copy New 'G:\Data (E)\ticketing\app\helpers\customer_emails_helper.rb' -> 'D:\ticketing\app\helpers\customer_emails_helper.rb'
Copy New 'G:\Data (E)\ticketing\app\helpers\customers_helper.rb' -> 'D:\ticketing\app\helpers\customers_helper.rb'
Copy New 'G:\Data (E)\ticketing\app\helpers\guests_helper.rb' -> 'D:\ticketing\app\helpers\guests_helper.rb'
Copy New 'G:\Data (E)\ticketing\app\helpers\items_helper.rb' -> 'D:\ticketing\app\helpers\items_helper.rb'
Copy New 'G:\Data (E)\ticketing\app\helpers\messages_helper.rb' -> 'D:\ticketing\app\helpers\messages_helper.rb'
Copy New 'G:\Data (E)\ticketing\app\helpers\monograms_helper.rb' -> 'D:\ticketing\app\helpers\monograms_helper.rb'
Copy New 'G:\Data (E)\ticketing\app\helpers\orders_helper.rb' -> 'D:\ticketing\app\helpers\orders_helper.rb'
Copy New 'G:\Data (E)\ticketing\app\helpers\product_formats_helper.rb' -> 'D:\ticketing\app\helpers\product_formats_helper.rb'
Copy New 'G:\Data (E)\ticketing\app\helpers\product_types_helper.rb' -> 'D:\ticketing\app\helpers\product_types_helper.rb'
Copy New 'G:\Data (E)\ticketing\app\helpers\products_helper.rb' -> 'D:\ticketing\app\helpers\products_helper.rb'
Copy New 'G:\Data (E)\ticketing\app\helpers\themes_helper.rb' -> 'D:\ticketing\app\helpers\themes_helper.rb'
Create Folder 'D:\ticketing\app\mailers'
Copy New 'G:\Data (E)\ticketing\app\mailers\incoming.rb' -> 'D:\ticketing\app\mailers\incoming.rb'
Create Folder 'D:\ticketing\app\models'
Copy New 'G:\Data (E)\ticketing\app\models\attachment.rb' -> 'D:\ticketing\app\models\attachment.rb'
Copy New 'G:\Data (E)\ticketing\app\models\conversation.rb' -> 'D:\ticketing\app\models\conversation.rb'
Copy New 'G:\Data (E)\ticketing\app\models\customer.rb' -> 'D:\ticketing\app\models\customer.rb'
Copy New 'G:\Data (E)\ticketing\app\models\customer_email.rb' -> 'D:\ticketing\app\models\customer_email.rb'
Copy New 'G:\Data (E)\ticketing\app\models\guest.rb' -> 'D:\ticketing\app\models\guest.rb'
Copy New 'G:\Data (E)\ticketing\app\models\item.rb' -> 'D:\ticketing\app\models\item.rb'
Copy New 'G:\Data (E)\ticketing\app\models\message.rb' -> 'D:\ticketing\app\models\message.rb'
Copy New 'G:\Data (E)\ticketing\app\models\monogram.rb' -> 'D:\ticketing\app\models\monogram.rb'
Copy New 'G:\Data (E)\ticketing\app\models\order.rb' -> 'D:\ticketing\app\models\order.rb'
Copy New 'G:\Data (E)\ticketing\app\models\product.rb' -> 'D:\ticketing\app\models\product.rb'
Copy New 'G:\Data (E)\ticketing\app\models\product_format.rb' -> 'D:\ticketing\app\models\product_format.rb'
Copy New 'G:\Data (E)\ticketing\app\models\product_type.rb' -> 'D:\ticketing\app\models\product_type.rb'
Copy New 'G:\Data (E)\ticketing\app\models\theme.rb' -> 'D:\ticketing\app\models\theme.rb'
Create Folder 'D:\ticketing\app\views'
Create Folder 'D:\ticketing\app\views\attachments'
Copy New 'G:\Data (E)\ticketing\app\views\attachments\_form.html.erb' -> 'D:\ticketing\app\views\attachments\_form.html.erb'
Copy New 'G:\Data (E)\ticketing\app\views\attachments\edit.html.erb' -> 'D:\ticketing\app\views\attachments\edit.html.erb'
Copy New 'G:\Data (E)\ticketing\app\views\attachments\index.html.erb' -> 'D:\ticketing\app\views\attachments\index.html.erb'
Copy New 'G:\Data (E)\ticketing\app\views\attachments\new.html.erb' -> 'D:\ticketing\app\views\attachments\new.html.erb'
Copy New 'G:\Data (E)\ticketing\app\views\attachments\show.html.erb' -> 'D:\ticketing\app\views\attachments\show.html.erb'
Create Folder 'D:\ticketing\app\views\conversations'
Copy New 'G:\Data (E)\ticketing\app\views\conversations\_form.html.erb' -> 'D:\ticketing\app\views\conversations\_form.html.erb'
Copy New 'G:\Data (E)\ticketing\app\views\conversations\edit.html.erb' -> 'D:\ticketing\app\views\conversations\edit.html.erb'
Copy New 'G:\Data (E)\ticketing\app\views\conversations\index.html.erb' -> 'D:\ticketing\app\views\conversations\index.html.erb'
Copy New 'G:\Data (E)\ticketing\app\views\conversations\new.html.erb' -> 'D:\ticketing\app\views\conversations\new.html.erb'
Copy New 'G:\Data (E)\ticketing\app\views\conversations\show.html.erb' -> 'D:\ticketing\app\views\conversations\show.html.erb'
Create Folder 'D:\ticketing\app\views\customer_emails'
Copy New 'G:\Data (E)\ticketing\app\views\customer_emails\_form.html.erb' -> 'D:\ticketing\app\views\customer_emails\_form.html.erb'
Copy New 'G:\Data (E)\ticketing\app\views\customer_emails\edit.html.erb' -> 'D:\ticketing\app\views\customer_emails\edit.html.erb'
Copy New 'G:\Data (E)\ticketing\app\views\customer_emails\index.html.erb' -> 'D:\ticketing\app\views\customer_emails\index.html.erb'
Copy New 'G:\Data (E)\ticketing\app\views\customer_emails\new.html.erb' -> 'D:\ticketing\app\views\customer_emails\new.html.erb'
Copy New 'G:\Data (E)\ticketing\app\views\customer_emails\show.html.erb' -> 'D:\ticketing\app\views\customer_emails\show.html.erb'
Create Folder 'D:\ticketing\app\views\customers'
Copy New 'G:\Data (E)\ticketing\app\views\customers\_form.html.erb' -> 'D:\ticketing\app\views\customers\_form.html.erb'
Copy New 'G:\Data (E)\ticketing\app\views\customers\edit.html.erb' -> 'D:\ticketing\app\views\customers\edit.html.erb'
Copy New 'G:\Data (E)\ticketing\app\views\customers\index.html.erb' -> 'D:\ticketing\app\views\customers\index.html.erb'
Copy New 'G:\Data (E)\ticketing\app\views\customers\new.html.erb' -> 'D:\ticketing\app\views\customers\new.html.erb'
Copy New 'G:\Data (E)\ticketing\app\views\customers\show.html.erb' -> 'D:\ticketing\app\views\customers\show.html.erb'
Create Folder 'D:\ticketing\app\views\guests'
Copy New 'G:\Data (E)\ticketing\app\views\guests\_form.html.erb' -> 'D:\ticketing\app\views\guests\_form.html.erb'
Copy New 'G:\Data (E)\ticketing\app\views\guests\edit.html.erb' -> 'D:\ticketing\app\views\guests\edit.html.erb'
Copy New 'G:\Data (E)\ticketing\app\views\guests\index.html.erb' -> 'D:\ticketing\app\views\guests\index.html.erb'
Copy New 'G:\Data (E)\ticketing\app\views\guests\new.html.erb' -> 'D:\ticketing\app\views\guests\new.html.erb'
Copy New 'G:\Data (E)\ticketing\app\views\guests\show.html.erb' -> 'D:\ticketing\app\views\guests\show.html.erb'
Create Folder 'D:\ticketing\app\views\incoming'
Create Folder 'D:\ticketing\app\views\items'
Copy New 'G:\Data (E)\ticketing\app\views\items\_form.html.erb' -> 'D:\ticketing\app\views\items\_form.html.erb'
Copy New 'G:\Data (E)\ticketing\app\views\items\edit.html.erb' -> 'D:\ticketing\app\views\items\edit.html.erb'
Copy New 'G:\Data (E)\ticketing\app\views\items\index.html.erb' -> 'D:\ticketing\app\views\items\index.html.erb'
Copy New 'G:\Data (E)\ticketing\app\views\items\new.html.erb' -> 'D:\ticketing\app\views\items\new.html.erb'
Copy New 'G:\Data (E)\ticketing\app\views\items\show.html.erb' -> 'D:\ticketing\app\views\items\show.html.erb'
Create Folder 'D:\ticketing\app\views\layouts'
Copy New 'G:\Data (E)\ticketing\app\views\layouts\application.html.erb' -> 'D:\ticketing\app\views\layouts\application.html.erb'
Create Folder 'D:\ticketing\app\views\messages'
Copy New 'G:\Data (E)\ticketing\app\views\messages\_form.html.erb' -> 'D:\ticketing\app\views\messages\_form.html.erb'
Copy New 'G:\Data (E)\ticketing\app\views\messages\edit.html.erb' -> 'D:\ticketing\app\views\messages\edit.html.erb'
Copy New 'G:\Data (E)\ticketing\app\views\messages\index.html.erb' -> 'D:\ticketing\app\views\messages\index.html.erb'
Copy New 'G:\Data (E)\ticketing\app\views\messages\new.html.erb' -> 'D:\ticketing\app\views\messages\new.html.erb'
Copy New 'G:\Data (E)\ticketing\app\views\messages\show.html.erb' -> 'D:\ticketing\app\views\messages\show.html.erb'
Create Folder 'D:\ticketing\app\views\monograms'
Copy New 'G:\Data (E)\ticketing\app\views\monograms\_form.html.erb' -> 'D:\ticketing\app\views\monograms\_form.html.erb'
Copy New 'G:\Data (E)\ticketing\app\views\monograms\edit.html.erb' -> 'D:\ticketing\app\views\monograms\edit.html.erb'
Copy New 'G:\Data (E)\ticketing\app\views\monograms\index.html.erb' -> 'D:\ticketing\app\views\monograms\index.html.erb'
Copy New 'G:\Data (E)\ticketing\app\views\monograms\new.html.erb' -> 'D:\ticketing\app\views\monograms\new.html.erb'
Copy New 'G:\Data (E)\ticketing\app\views\monograms\show.html.erb' -> 'D:\ticketing\app\views\monograms\show.html.erb'
Create Folder 'D:\ticketing\app\views\orders'
Copy New 'G:\Data (E)\ticketing\app\views\orders\_form.html.erb' -> 'D:\ticketing\app\views\orders\_form.html.erb'
Copy New 'G:\Data (E)\ticketing\app\views\orders\edit.html.erb' -> 'D:\ticketing\app\views\orders\edit.html.erb'
Copy New 'G:\Data (E)\ticketing\app\views\orders\index.html.erb' -> 'D:\ticketing\app\views\orders\index.html.erb'
Copy New 'G:\Data (E)\ticketing\app\views\orders\new.html.erb' -> 'D:\ticketing\app\views\orders\new.html.erb'
Copy New 'G:\Data (E)\ticketing\app\views\orders\show.html.erb' -> 'D:\ticketing\app\views\orders\show.html.erb'
Create Folder 'D:\ticketing\app\views\product_formats'
Copy New 'G:\Data (E)\ticketing\app\views\product_formats\_form.html.erb' -> 'D:\ticketing\app\views\product_formats\_form.html.erb'
Copy New 'G:\Data (E)\ticketing\app\views\product_formats\edit.html.erb' -> 'D:\ticketing\app\views\product_formats\edit.html.erb'
Copy New 'G:\Data (E)\ticketing\app\views\product_formats\index.html.erb' -> 'D:\ticketing\app\views\product_formats\index.html.erb'
Copy New 'G:\Data (E)\ticketing\app\views\product_formats\new.html.erb' -> 'D:\ticketing\app\views\product_formats\new.html.erb'
Copy New 'G:\Data (E)\ticketing\app\views\product_formats\show.html.erb' -> 'D:\ticketing\app\views\product_formats\show.html.erb'
Create Folder 'D:\ticketing\app\views\product_types'
Copy New 'G:\Data (E)\ticketing\app\views\product_types\_form.html.erb' -> 'D:\ticketing\app\views\product_types\_form.html.erb'
Copy New 'G:\Data (E)\ticketing\app\views\product_types\edit.html.erb' -> 'D:\ticketing\app\views\product_types\edit.html.erb'
Copy New 'G:\Data (E)\ticketing\app\views\product_types\index.html.erb' -> 'D:\ticketing\app\views\product_types\index.html.erb'
Copy New 'G:\Data (E)\ticketing\app\views\product_types\new.html.erb' -> 'D:\ticketing\app\views\product_types\new.html.erb'
Copy New 'G:\Data (E)\ticketing\app\views\product_types\show.html.erb' -> 'D:\ticketing\app\views\product_types\show.html.erb'
Create Folder 'D:\ticketing\app\views\products'
Copy New 'G:\Data (E)\ticketing\app\views\products\_form.html.erb' -> 'D:\ticketing\app\views\products\_form.html.erb'
Copy New 'G:\Data (E)\ticketing\app\views\products\edit.html.erb' -> 'D:\ticketing\app\views\products\edit.html.erb'
Copy New 'G:\Data (E)\ticketing\app\views\products\index.html.erb' -> 'D:\ticketing\app\views\products\index.html.erb'
Copy New 'G:\Data (E)\ticketing\app\views\products\new.html.erb' -> 'D:\ticketing\app\views\products\new.html.erb'
Copy New 'G:\Data (E)\ticketing\app\views\products\show.html.erb' -> 'D:\ticketing\app\views\products\show.html.erb'
Create Folder 'D:\ticketing\app\views\themes'
Copy New 'G:\Data (E)\ticketing\app\views\themes\_form.html.erb' -> 'D:\ticketing\app\views\themes\_form.html.erb'
Copy New 'G:\Data (E)\ticketing\app\views\themes\edit.html.erb' -> 'D:\ticketing\app\views\themes\edit.html.erb'
Copy New 'G:\Data (E)\ticketing\app\views\themes\index.html.erb' -> 'D:\ticketing\app\views\themes\index.html.erb'
Copy New 'G:\Data (E)\ticketing\app\views\themes\new.html.erb' -> 'D:\ticketing\app\views\themes\new.html.erb'
Copy New 'G:\Data (E)\ticketing\app\views\themes\show.html.erb' -> 'D:\ticketing\app\views\themes\show.html.erb'
Create Folder 'D:\ticketing\config'
Create Folder 'D:\ticketing\config\environments'
Copy New 'G:\Data (E)\ticketing\config\environments\development.rb' -> 'D:\ticketing\config\environments\development.rb'
Copy New 'G:\Data (E)\ticketing\config\environments\production.rb' -> 'D:\ticketing\config\environments\production.rb'
Copy New 'G:\Data (E)\ticketing\config\environments\test.rb' -> 'D:\ticketing\config\environments\test.rb'
Create Folder 'D:\ticketing\config\initializers'
Copy New 'G:\Data (E)\ticketing\config\initializers\backtrace_silencers.rb' -> 'D:\ticketing\config\initializers\backtrace_silencers.rb'
Copy New 'G:\Data (E)\ticketing\config\initializers\inflections.rb' -> 'D:\ticketing\config\initializers\inflections.rb'
Copy New 'G:\Data (E)\ticketing\config\initializers\mime_types.rb' -> 'D:\ticketing\config\initializers\mime_types.rb'
Copy New 'G:\Data (E)\ticketing\config\initializers\secret_token.rb' -> 'D:\ticketing\config\initializers\secret_token.rb'
Copy New 'G:\Data (E)\ticketing\config\initializers\session_store.rb' -> 'D:\ticketing\config\initializers\session_store.rb'
Create Folder 'D:\ticketing\config\locales'
Copy New 'G:\Data (E)\ticketing\config\locales\en.yml' -> 'D:\ticketing\config\locales\en.yml'
Copy New 'G:\Data (E)\ticketing\config\application.rb' -> 'D:\ticketing\config\application.rb'
Copy New 'G:\Data (E)\ticketing\config\boot.rb' -> 'D:\ticketing\config\boot.rb'
Copy New 'G:\Data (E)\ticketing\config\database.yml' -> 'D:\ticketing\config\database.yml'
Copy New 'G:\Data (E)\ticketing\config\environment.rb' -> 'D:\ticketing\config\environment.rb'
Copy New 'G:\Data (E)\ticketing\config\routes.rb' -> 'D:\ticketing\config\routes.rb'
Create Folder 'D:\ticketing\db'
Create Folder 'D:\ticketing\db\migrate'
Copy New 'G:\Data (E)\ticketing\db\migrate\20110522161644_create_attachments.rb' -> 'D:\ticketing\db\migrate\20110522161644_create_attachments.rb'
Copy New 'G:\Data (E)\ticketing\db\migrate\20110522162009_create_messages.rb' -> 'D:\ticketing\db\migrate\20110522162009_create_messages.rb'
Copy New 'G:\Data (E)\ticketing\db\migrate\20110522162202_create_conversations.rb' -> 'D:\ticketing\db\migrate\20110522162202_create_conversations.rb'
Copy New 'G:\Data (E)\ticketing\db\migrate\20110522165148_drop_ticket_string.rb' -> 'D:\ticketing\db\migrate\20110522165148_drop_ticket_string.rb'
Copy New 'G:\Data (E)\ticketing\db\migrate\20110522172414_create_customer_emails.rb' -> 'D:\ticketing\db\migrate\20110522172414_create_customer_emails.rb'
Copy New 'G:\Data (E)\ticketing\db\migrate\20110529114231_create_orders.rb' -> 'D:\ticketing\db\migrate\20110529114231_create_orders.rb'
Copy New 'G:\Data (E)\ticketing\db\migrate\20110529114611_create_themes.rb' -> 'D:\ticketing\db\migrate\20110529114611_create_themes.rb'
Copy New 'G:\Data (E)\ticketing\db\migrate\20110529155316_create_products.rb' -> 'D:\ticketing\db\migrate\20110529155316_create_products.rb'
Copy New 'G:\Data (E)\ticketing\db\migrate\20110529155543_create_product_types.rb' -> 'D:\ticketing\db\migrate\20110529155543_create_product_types.rb'
Copy New 'G:\Data (E)\ticketing\db\migrate\20110529155630_create_product_formats.rb' -> 'D:\ticketing\db\migrate\20110529155630_create_product_formats.rb'
Copy New 'G:\Data (E)\ticketing\db\migrate\20110529155910_create_customers.rb' -> 'D:\ticketing\db\migrate\20110529155910_create_customers.rb'
Copy New 'G:\Data (E)\ticketing\db\migrate\20110529161711_create_monograms.rb' -> 'D:\ticketing\db\migrate\20110529161711_create_monograms.rb'
Copy New 'G:\Data (E)\ticketing\db\migrate\20110529170756_add_bride_to_order.rb' -> 'D:\ticketing\db\migrate\20110529170756_add_bride_to_order.rb'
Copy New 'G:\Data (E)\ticketing\db\migrate\20110529183741_create_items.rb' -> 'D:\ticketing\db\migrate\20110529183741_create_items.rb'
Copy New 'G:\Data (E)\ticketing\db\migrate\20110529184014_create_guests.rb' -> 'D:\ticketing\db\migrate\20110529184014_create_guests.rb'
Copy New 'G:\Data (E)\ticketing\db\migrate\20110529185218_add_order_status.rb' -> 'D:\ticketing\db\migrate\20110529185218_add_order_status.rb'
Copy New 'G:\Data (E)\ticketing\db\migrate\20110529200246_add_order_id_to_items.rb' -> 'D:\ticketing\db\migrate\20110529200246_add_order_id_to_items.rb'
Copy New 'G:\Data (E)\ticketing\db\migrate\20110602211618_add_fields_to_product_format.rb' -> 'D:\ticketing\db\migrate\20110602211618_add_fields_to_product_format.rb'
Copy New 'G:\Data (E)\ticketing\db\migrate\20110602215831_add_price_to_product.rb' -> 'D:\ticketing\db\migrate\20110602215831_add_price_to_product.rb'
Copy New 'G:\Data (E)\ticketing\db\development.sqlite3' -> 'D:\ticketing\db\development.sqlite3'
Copy New 'G:\Data (E)\ticketing\db\schema.rb' -> 'D:\ticketing\db\schema.rb'
Copy New 'G:\Data (E)\ticketing\db\seeds.rb' -> 'D:\ticketing\db\seeds.rb'
Copy New 'G:\Data (E)\ticketing\db\test.sqlite3' -> 'D:\ticketing\db\test.sqlite3'
Create Folder 'D:\ticketing\doc'
Copy New 'G:\Data (E)\ticketing\doc\README_FOR_APP' -> 'D:\ticketing\doc\README_FOR_APP'
Create Folder 'D:\ticketing\lib'
Create Folder 'D:\ticketing\lib\tasks'
Copy New 'G:\Data (E)\ticketing\lib\tasks\.gitkeep' -> 'D:\ticketing\lib\tasks\.gitkeep'
Create Folder 'D:\ticketing\log'
Copy New 'G:\Data (E)\ticketing\log\development.log' -> 'D:\ticketing\log\development.log'
Copy New 'G:\Data (E)\ticketing\log\production.log' -> 'D:\ticketing\log\production.log'
Copy New 'G:\Data (E)\ticketing\log\server.log' -> 'D:\ticketing\log\server.log'
Copy New 'G:\Data (E)\ticketing\log\test.log' -> 'D:\ticketing\log\test.log'
Create Folder 'D:\ticketing\public'
Create Folder 'D:\ticketing\public\images'
Copy New 'G:\Data (E)\ticketing\public\images\rails.png' -> 'D:\ticketing\public\images\rails.png'
Create Folder 'D:\ticketing\public\javascripts'
Copy New 'G:\Data (E)\ticketing\public\javascripts\application.js' -> 'D:\ticketing\public\javascripts\application.js'
Copy New 'G:\Data (E)\ticketing\public\javascripts\controls.js' -> 'D:\ticketing\public\javascripts\controls.js'
Copy New 'G:\Data (E)\ticketing\public\javascripts\dragdrop.js' -> 'D:\ticketing\public\javascripts\dragdrop.js'
Copy New 'G:\Data (E)\ticketing\public\javascripts\effects.js' -> 'D:\ticketing\public\javascripts\effects.js'
Copy New 'G:\Data (E)\ticketing\public\javascripts\prototype.js' -> 'D:\ticketing\public\javascripts\prototype.js'
Copy New 'G:\Data (E)\ticketing\public\javascripts\rails.js' -> 'D:\ticketing\public\javascripts\rails.js'
Create Folder 'D:\ticketing\public\stylesheets'
Copy New 'G:\Data (E)\ticketing\public\stylesheets\.gitkeep' -> 'D:\ticketing\public\stylesheets\.gitkeep'
Copy New 'G:\Data (E)\ticketing\public\stylesheets\scaffold.css' -> 'D:\ticketing\public\stylesheets\scaffold.css'
Copy New 'G:\Data (E)\ticketing\public\404.html' -> 'D:\ticketing\public\404.html'
Copy New 'G:\Data (E)\ticketing\public\422.html' -> 'D:\ticketing\public\422.html'
Copy New 'G:\Data (E)\ticketing\public\500.html' -> 'D:\ticketing\public\500.html'
Copy New 'G:\Data (E)\ticketing\public\favicon.ico' -> 'D:\ticketing\public\favicon.ico'
Copy New 'G:\Data (E)\ticketing\public\index.html' -> 'D:\ticketing\public\index.html'
Copy New 'G:\Data (E)\ticketing\public\robots.txt' -> 'D:\ticketing\public\robots.txt'
Create Folder 'D:\ticketing\script'
Copy New 'G:\Data (E)\ticketing\script\rails' -> 'D:\ticketing\script\rails'
Create Folder 'D:\ticketing\test'
Create Folder 'D:\ticketing\test\fixtures'
Create Folder 'D:\ticketing\test\fixtures\emails'
Copy New 'G:\Data (E)\ticketing\test\fixtures\emails\alternative_1.eml' -> 'D:\ticketing\test\fixtures\emails\alternative_1.eml'
Copy New 'G:\Data (E)\ticketing\test\fixtures\emails\multipart_mixed.eml' -> 'D:\ticketing\test\fixtures\emails\multipart_mixed.eml'
Copy New 'G:\Data (E)\ticketing\test\fixtures\attachments.yml' -> 'D:\ticketing\test\fixtures\attachments.yml'
Copy New 'G:\Data (E)\ticketing\test\fixtures\conversations.yml' -> 'D:\ticketing\test\fixtures\conversations.yml'
Copy New 'G:\Data (E)\ticketing\test\fixtures\customer_emails.yml' -> 'D:\ticketing\test\fixtures\customer_emails.yml'
Copy New 'G:\Data (E)\ticketing\test\fixtures\customers.yml' -> 'D:\ticketing\test\fixtures\customers.yml'
Copy New 'G:\Data (E)\ticketing\test\fixtures\guests.yml' -> 'D:\ticketing\test\fixtures\guests.yml'
Copy New 'G:\Data (E)\ticketing\test\fixtures\items.yml' -> 'D:\ticketing\test\fixtures\items.yml'
Copy New 'G:\Data (E)\ticketing\test\fixtures\messages.yml' -> 'D:\ticketing\test\fixtures\messages.yml'
Copy New 'G:\Data (E)\ticketing\test\fixtures\monograms.yml' -> 'D:\ticketing\test\fixtures\monograms.yml'
Copy New 'G:\Data (E)\ticketing\test\fixtures\orders.yml' -> 'D:\ticketing\test\fixtures\orders.yml'
Copy New 'G:\Data (E)\ticketing\test\fixtures\product_formats.yml' -> 'D:\ticketing\test\fixtures\product_formats.yml'
Copy New 'G:\Data (E)\ticketing\test\fixtures\product_types.yml' -> 'D:\ticketing\test\fixtures\product_types.yml'
Copy New 'G:\Data (E)\ticketing\test\fixtures\products.yml' -> 'D:\ticketing\test\fixtures\products.yml'
Copy New 'G:\Data (E)\ticketing\test\fixtures\themes.yml' -> 'D:\ticketing\test\fixtures\themes.yml'
Create Folder 'D:\ticketing\test\functional'
Copy New 'G:\Data (E)\ticketing\test\functional\attachments_controller_test.rb' -> 'D:\ticketing\test\functional\attachments_controller_test.rb'
Copy New 'G:\Data (E)\ticketing\test\functional\conversations_controller_test.rb' -> 'D:\ticketing\test\functional\conversations_controller_test.rb'
Copy New 'G:\Data (E)\ticketing\test\functional\customer_emails_controller_test.rb' -> 'D:\ticketing\test\functional\customer_emails_controller_test.rb'
Copy New 'G:\Data (E)\ticketing\test\functional\customers_controller_test.rb' -> 'D:\ticketing\test\functional\customers_controller_test.rb'
Copy New 'G:\Data (E)\ticketing\test\functional\guests_controller_test.rb' -> 'D:\ticketing\test\functional\guests_controller_test.rb'
Copy New 'G:\Data (E)\ticketing\test\functional\incoming_test.rb' -> 'D:\ticketing\test\functional\incoming_test.rb'
Copy New 'G:\Data (E)\ticketing\test\functional\items_controller_test.rb' -> 'D:\ticketing\test\functional\items_controller_test.rb'
Copy New 'G:\Data (E)\ticketing\test\functional\messages_controller_test.rb' -> 'D:\ticketing\test\functional\messages_controller_test.rb'
Copy New 'G:\Data (E)\ticketing\test\functional\monograms_controller_test.rb' -> 'D:\ticketing\test\functional\monograms_controller_test.rb'
Copy New 'G:\Data (E)\ticketing\test\functional\orders_controller_test.rb' -> 'D:\ticketing\test\functional\orders_controller_test.rb'
Copy New 'G:\Data (E)\ticketing\test\functional\product_formats_controller_test.rb' -> 'D:\ticketing\test\functional\product_formats_controller_test.rb'
Copy New 'G:\Data (E)\ticketing\test\functional\product_types_controller_test.rb' -> 'D:\ticketing\test\functional\product_types_controller_test.rb'
Copy New 'G:\Data (E)\ticketing\test\functional\products_controller_test.rb' -> 'D:\ticketing\test\functional\products_controller_test.rb'
Copy New 'G:\Data (E)\ticketing\test\functional\themes_controller_test.rb' -> 'D:\ticketing\test\functional\themes_controller_test.rb'
Create Folder 'D:\ticketing\test\integration'
Create Folder 'D:\ticketing\test\performance'
Copy New 'G:\Data (E)\ticketing\test\performance\browsing_test.rb' -> 'D:\ticketing\test\performance\browsing_test.rb'
Create Folder 'D:\ticketing\test\unit'
Create Folder 'D:\ticketing\test\unit\helpers'
Copy New 'G:\Data (E)\ticketing\test\unit\helpers\attachments_helper_test.rb' -> 'D:\ticketing\test\unit\helpers\attachments_helper_test.rb'
Copy New 'G:\Data (E)\ticketing\test\unit\helpers\conversations_helper_test.rb' -> 'D:\ticketing\test\unit\helpers\conversations_helper_test.rb'
Copy New 'G:\Data (E)\ticketing\test\unit\helpers\customer_emails_helper_test.rb' -> 'D:\ticketing\test\unit\helpers\customer_emails_helper_test.rb'
Copy New 'G:\Data (E)\ticketing\test\unit\helpers\customers_helper_test.rb' -> 'D:\ticketing\test\unit\helpers\customers_helper_test.rb'
Copy New 'G:\Data (E)\ticketing\test\unit\helpers\guests_helper_test.rb' -> 'D:\ticketing\test\unit\helpers\guests_helper_test.rb'
Copy New 'G:\Data (E)\ticketing\test\unit\helpers\items_helper_test.rb' -> 'D:\ticketing\test\unit\helpers\items_helper_test.rb'
Copy New 'G:\Data (E)\ticketing\test\unit\helpers\messages_helper_test.rb' -> 'D:\ticketing\test\unit\helpers\messages_helper_test.rb'
Copy New 'G:\Data (E)\ticketing\test\unit\helpers\monograms_helper_test.rb' -> 'D:\ticketing\test\unit\helpers\monograms_helper_test.rb'
Copy New 'G:\Data (E)\ticketing\test\unit\helpers\orders_helper_test.rb' -> 'D:\ticketing\test\unit\helpers\orders_helper_test.rb'
Copy New 'G:\Data (E)\ticketing\test\unit\helpers\product_formats_helper_test.rb' -> 'D:\ticketing\test\unit\helpers\product_formats_helper_test.rb'
Copy New 'G:\Data (E)\ticketing\test\unit\helpers\product_types_helper_test.rb' -> 'D:\ticketing\test\unit\helpers\product_types_helper_test.rb'
Copy New 'G:\Data (E)\ticketing\test\unit\helpers\products_helper_test.rb' -> 'D:\ticketing\test\unit\helpers\products_helper_test.rb'
Copy New 'G:\Data (E)\ticketing\test\unit\helpers\themes_helper_test.rb' -> 'D:\ticketing\test\unit\helpers\themes_helper_test.rb'
Copy New 'G:\Data (E)\ticketing\test\unit\attachment_test.rb' -> 'D:\ticketing\test\unit\attachment_test.rb'
Copy New 'G:\Data (E)\ticketing\test\unit\conversation_test.rb' -> 'D:\ticketing\test\unit\conversation_test.rb'
Copy New 'G:\Data (E)\ticketing\test\unit\customer_email_test.rb' -> 'D:\ticketing\test\unit\customer_email_test.rb'
Copy New 'G:\Data (E)\ticketing\test\unit\customer_test.rb' -> 'D:\ticketing\test\unit\customer_test.rb'
Copy New 'G:\Data (E)\ticketing\test\unit\guest_test.rb' -> 'D:\ticketing\test\unit\guest_test.rb'
Copy New 'G:\Data (E)\ticketing\test\unit\item_test.rb' -> 'D:\ticketing\test\unit\item_test.rb'
Copy New 'G:\Data (E)\ticketing\test\unit\message_test.rb' -> 'D:\ticketing\test\unit\message_test.rb'
Copy New 'G:\Data (E)\ticketing\test\unit\monogram_test.rb' -> 'D:\ticketing\test\unit\monogram_test.rb'
Copy New 'G:\Data (E)\ticketing\test\unit\order_test.rb' -> 'D:\ticketing\test\unit\order_test.rb'
Copy New 'G:\Data (E)\ticketing\test\unit\product_format_test.rb' -> 'D:\ticketing\test\unit\product_format_test.rb'
Copy New 'G:\Data (E)\ticketing\test\unit\product_test.rb' -> 'D:\ticketing\test\unit\product_test.rb'
Copy New 'G:\Data (E)\ticketing\test\unit\product_type_test.rb' -> 'D:\ticketing\test\unit\product_type_test.rb'
Copy New 'G:\Data (E)\ticketing\test\unit\theme_test.rb' -> 'D:\ticketing\test\unit\theme_test.rb'
Copy New 'G:\Data (E)\ticketing\test\test_helper.rb' -> 'D:\ticketing\test\test_helper.rb'
Create Folder 'D:\ticketing\tmp'
Create Folder 'D:\ticketing\tmp\cache'
Create Folder 'D:\ticketing\tmp\pids'
Copy New 'G:\Data (E)\ticketing\tmp\pids\server.pid' -> 'D:\ticketing\tmp\pids\server.pid'
Create Folder 'D:\ticketing\tmp\sessions'
Create Folder 'D:\ticketing\tmp\sockets'
Create Folder 'D:\ticketing\vendor'
Create Folder 'D:\ticketing\vendor\plugins'
Copy New 'G:\Data (E)\ticketing\vendor\plugins\.gitkeep' -> 'D:\ticketing\vendor\plugins\.gitkeep'
Copy New 'G:\Data (E)\ticketing\.gitignore' -> 'D:\ticketing\.gitignore'
Copy New 'G:\Data (E)\ticketing\config.ru' -> 'D:\ticketing\config.ru'
Copy New 'G:\Data (E)\ticketing\Gemfile' -> 'D:\ticketing\Gemfile'
Copy New 'G:\Data (E)\ticketing\Gemfile.lock' -> 'D:\ticketing\Gemfile.lock'
Copy New 'G:\Data (E)\ticketing\Rakefile' -> 'D:\ticketing\Rakefile'
Copy New 'G:\Data (E)\ticketing\README' -> 'D:\ticketing\README'
Copy New 'G:\Data (E)\ticketing\receive_mail.rb' -> 'D:\ticketing\receive_mail.rb'
Save State File D:\ticketing\_gsdata_\_file_state._gs
Save State File G:\Data (E)\ticketing\_gsdata_\_file_state._gs
Delete lock file D:\ticketing\_gsdata_\lock.gsl
Delete lock file G:\Data (E)\ticketing\_gsdata_\lock.gsl
Items Synced OK: 284, Errors: 0
===== 18/06/2011 13:17:02: Sync Completed. Time: 00:01:25, Speed: 60.0 KB/s =====

