===== 24/06/2011 18:42:33: Job 'ticketing': SYNC started by User on computer 'EASYNOTE' =====
ticketing: D:\ticketing <-> G:\Data (E)\ticketing, SavePrevVers=30d, TmpDest, EstReq, CopyLocked, FileLinksDrill, CaseSens, Reconnect=3, ChangeLimit=10
Locking folder D:\ticketing for write
Locking folder G:\Data (E)\ticketing for write
Delete File 'D:\ticketing\test\fixtures\emails\alternative_1.eml'
Delete File 'D:\ticketing\test\fixtures\emails\multipart_mixed.eml'
Delete Folder 'D:\ticketing\test\fixtures\emails'
Copy Over 'D:\ticketing\app\controllers\guests_controller.rb' -> 'G:\Data (E)\ticketing\app\controllers\guests_controller.rb'
Copy Over 'G:\Data (E)\ticketing\app\mailers\incoming.rb' -> 'D:\ticketing\app\mailers\incoming.rb'
Copy New 'G:\Data (E)\ticketing\app\mailers\spam.rb' -> 'D:\ticketing\app\mailers\spam.rb'
Copy Over 'G:\Data (E)\ticketing\app\models\conversation.rb' -> 'D:\ticketing\app\models\conversation.rb'
/app/models/customer.rb: unresolved conflict results in No Copy
Copy Over 'G:\Data (E)\ticketing\app\models\customer_email.rb' -> 'D:\ticketing\app\models\customer_email.rb'
Copy Over 'D:\ticketing\app\models\guest.rb' -> 'G:\Data (E)\ticketing\app\models\guest.rb'
Copy Over 'D:\ticketing\app\models\item.rb' -> 'G:\Data (E)\ticketing\app\models\item.rb'
Copy Over 'D:\ticketing\app\models\order.rb' -> 'G:\Data (E)\ticketing\app\models\order.rb'
Copy Over 'D:\ticketing\app\views\guests\_form.html.erb' -> 'G:\Data (E)\ticketing\app\views\guests\_form.html.erb'
Copy Over 'D:\ticketing\app\views\guests\index.html.erb' -> 'G:\Data (E)\ticketing\app\views\guests\index.html.erb'
Copy Over 'D:\ticketing\app\views\orders\index.html.erb' -> 'G:\Data (E)\ticketing\app\views\orders\index.html.erb'
Copy Over 'D:\ticketing\app\views\product_formats\_form.html.erb' -> 'G:\Data (E)\ticketing\app\views\product_formats\_form.html.erb'
Copy Over 'D:\ticketing\app\views\product_formats\index.html.erb' -> 'G:\Data (E)\ticketing\app\views\product_formats\index.html.erb'
Copy Over 'D:\ticketing\app\views\product_types\_form.html.erb' -> 'G:\Data (E)\ticketing\app\views\product_types\_form.html.erb'
Create Folder 'D:\ticketing\app\views\spam'
Copy Over 'D:\ticketing\config\routes.rb' -> 'G:\Data (E)\ticketing\config\routes.rb'
Sync State: /db/migrate/20110618182718_add_delivery_address_to_orders.rb
Copy New 'D:\ticketing\db\migrate\20110623163533_add_folded_to_product_formats.rb' -> 'G:\Data (E)\ticketing\db\migrate\20110623163533_add_folded_to_product_formats.rb'
Copy New 'D:\ticketing\db\migrate\20110623185702_add_envelope_to_product_types.rb' -> 'G:\Data (E)\ticketing\db\migrate\20110623185702_add_envelope_to_product_types.rb'
Copy New 'D:\ticketing\db\migrate\20110623190945_create_guests_items.rb' -> 'G:\Data (E)\ticketing\db\migrate\20110623190945_create_guests_items.rb'
Copy New 'D:\ticketing\db\migrate\20110623194809_add_primary_key_to_join_table.rb' -> 'G:\Data (E)\ticketing\db\migrate\20110623194809_add_primary_key_to_join_table.rb'
Copy New 'D:\ticketing\db\migrate\20110623195207_remove_primary_key_from_join_table.rb' -> 'G:\Data (E)\ticketing\db\migrate\20110623195207_remove_primary_key_from_join_table.rb'
Copy New 'D:\ticketing\db\migrate\20110623195928_remove_item_id_from_guest.rb' -> 'G:\Data (E)\ticketing\db\migrate\20110623195928_remove_item_id_from_guest.rb'
/db/development.sqlite3: unresolved conflict results in No Copy
Copy Over 'D:\ticketing\db\schema.rb' -> 'G:\Data (E)\ticketing\db\schema.rb'
Copy Over 'G:\Data (E)\ticketing\db\test.sqlite3' -> 'D:\ticketing\db\test.sqlite3'
/log/development.log: unresolved conflict results in No Copy
Copy Over 'G:\Data (E)\ticketing\log\test.log' -> 'D:\ticketing\log\test.log'
Create Folder 'D:\ticketing\test\fixtures\incoming'
Copy New 'G:\Data (E)\ticketing\test\fixtures\incoming\alternative_1.eml' -> 'D:\ticketing\test\fixtures\incoming\alternative_1.eml'
Copy New 'G:\Data (E)\ticketing\test\fixtures\incoming\multipart_mixed.eml' -> 'D:\ticketing\test\fixtures\incoming\multipart_mixed.eml'
Copy Over 'G:\Data (E)\ticketing\test\functional\incoming_test.rb' -> 'D:\ticketing\test\functional\incoming_test.rb'
Copy New 'G:\Data (E)\ticketing\test\functional\spam_test.rb' -> 'D:\ticketing\test\functional\spam_test.rb'
/tmp/pids/server.pid: unresolved conflict results in No Copy
Copy Over 'D:\ticketing\Gemfile' -> 'G:\Data (E)\ticketing\Gemfile'
Copy Over 'D:\ticketing\Gemfile.lock' -> 'G:\Data (E)\ticketing\Gemfile.lock'
Copy Over 'G:\Data (E)\ticketing\receive_mail.rb' -> 'D:\ticketing\receive_mail.rb'
Save State File D:\ticketing\_gsdata_\_file_state._gs
Save State File G:\Data (E)\ticketing\_gsdata_\_file_state._gs
Delete lock file D:\ticketing\_gsdata_\lock.gsl
Sync had errors, delete stamp file D:\ticketing\_gsdata_\_insync.gsl
Delete lock file G:\Data (E)\ticketing\_gsdata_\lock.gsl
Sync had errors, delete stamp file G:\Data (E)\ticketing\_gsdata_\_insync.gsl
Sync finished with 4 unresolved conflicts. Click Conflicts button to see unresolved conflicts
Items Synced OK: 37, Errors: 0
===== 24/06/2011 18:43:33: Sync Completed. Time: 00:01:04, Speed: 32.0 KB/s =====

